<?xml version="1.0" encoding="UTF-8" standalone="no"?><testsuite errors="0" failures="0" name="User" skipped="0" tests="10" time="14.8" timestamp="2023-04-19 12:34:58"><testcase name="GET valid - As admin I have be able to get detail user"/><testcase name="GET invalid - As admin I not have be able to get detail user"/><testcase name="POST valid - As admin I have be able to create new user"/><testcase name="POST invalid - As admin I not have be able to create new user"/><testcase name="GET valid - As admin I have be able to get user by ID"/><testcase name="GET invalid - As admin I not have be able to get user by ID"/><testcase name="PUT valid - As admin I have be able to update existing user"/><testcase name="PUT invalid - As admin I not have be able to update existing user"/><testcase name="DELETE valid - As admin I have be able to delete existing user"/><testcase name="DELETE invalid - As admin I not have be able to delete existing user"/></testsuite>